Analysis & Synthesis report for Soundtop
Tue Oct  7 15:11:49 2025
Quartus Prime Version 21.1.1 Build 850 06/23/2022 SJ Lite Edition


---------------------
; Table of Contents ;
---------------------
  1. Legal Notice
  2. Analysis & Synthesis Summary
  3. Analysis & Synthesis Settings
  4. Parallel Compilation
  5. Analysis & Synthesis Source Files Read
  6. Analysis & Synthesis Resource Usage Summary
  7. Analysis & Synthesis Resource Utilization by Entity
  8. Analysis & Synthesis RAM Summary
  9. Analysis & Synthesis IP Cores Summary
 10. Registers Removed During Synthesis
 11. Removed Registers Triggering Further Register Optimizations
 12. General Register Statistics
 13. Inverted Register Statistics
 14. Multiplexer Restructuring Statistics (No Restructuring Performed)
 15. Source assignments for ToneTable:u6|altsyncram:altsyncram_component|altsyncram_dkf1:auto_generated
 16. Parameter Settings for User Entity Instance: ToneTable:u6|altsyncram:altsyncram_component
 17. altsyncram Parameter Settings by Entity Instance
 18. Port Connectivity Checks: "i2c:u2"
 19. Port Connectivity Checks: "keytr:u3"
 20. Post-Synthesis Netlist Statistics for Top Partition
 21. Elapsed Time Per Partition
 22. Analysis & Synthesis Messages



----------------
; Legal Notice ;
----------------
Copyright (C) 2022  Intel Corporation. All rights reserved.
Your use of Intel Corporation's design tools, logic functions 
and other software and tools, and any partner logic 
functions, and any output files from any of the foregoing 
(including device programming or simulation files), and any 
associated documentation or information are expressly subject 
to the terms and conditions of the Intel Program License 
Subscription Agreement, the Intel Quartus Prime License Agreement,
the Intel FPGA IP License Agreement, or other applicable license
agreement, including, without limitation, that your use is for
the sole purpose of programming logic devices manufactured by
Intel and sold by Intel or its authorized distributors.  Please
refer to the applicable agreement for further details, at
https://fpgasoftware.intel.com/eula.



+-------------------------------------------------------------------------------+
; Analysis & Synthesis Summary                                                  ;
+---------------------------------+---------------------------------------------+
; Analysis & Synthesis Status     ; Successful - Tue Oct  7 15:11:49 2025       ;
; Quartus Prime Version           ; 21.1.1 Build 850 06/23/2022 SJ Lite Edition ;
; Revision Name                   ; Soundtop                                    ;
; Top-level Entity Name           ; Soundtop                                    ;
; Family                          ; Cyclone V                                   ;
; Logic utilization (in ALMs)     ; N/A                                         ;
; Total registers                 ; 178                                         ;
; Total pins                      ; 106                                         ;
; Total virtual pins              ; 0                                           ;
; Total block memory bits         ; 196,608                                     ;
; Total DSP Blocks                ; 0                                           ;
; Total HSSI RX PCSs              ; 0                                           ;
; Total HSSI PMA RX Deserializers ; 0                                           ;
; Total HSSI TX PCSs              ; 0                                           ;
; Total HSSI PMA TX Serializers   ; 0                                           ;
; Total PLLs                      ; 0                                           ;
; Total DLLs                      ; 0                                           ;
+---------------------------------+---------------------------------------------+


+---------------------------------------------------------------------------------------------------------------------------+
; Analysis & Synthesis Settings                                                                                             ;
+---------------------------------------------------------------------------------+--------------------+--------------------+
; Option                                                                          ; Setting            ; Default Value      ;
+---------------------------------------------------------------------------------+--------------------+--------------------+
; Device                                                                          ; 5CSXFC6D6F31C6     ;                    ;
; Top-level entity name                                                           ; Soundtop           ; Soundtop           ;
; Family name                                                                     ; Cyclone V          ; Cyclone V          ;
; Restructure Multiplexers                                                        ; Off                ; Auto               ;
; Optimization Technique                                                          ; Speed              ; Balanced           ;
; Use smart compilation                                                           ; Off                ; Off                ;
; Enable parallel Assembler and Timing Analyzer during compilation                ; On                 ; On                 ;
; Enable compact report table                                                     ; Off                ; Off                ;
; MLAB Add Timing Constraints For Mixed-Port Feed-Through Mode Setting Don't Care ; Off                ; Off                ;
; Create Debugging Nodes for IP Cores                                             ; Off                ; Off                ;
; Preserve fewer node names                                                       ; On                 ; On                 ;
; Intel FPGA IP Evaluation Mode                                                   ; Enable             ; Enable             ;
; Verilog Version                                                                 ; Verilog_2001       ; Verilog_2001       ;
; VHDL Version                                                                    ; VHDL_1993          ; VHDL_1993          ;
; State Machine Processing                                                        ; Auto               ; Auto               ;
; Safe State Machine                                                              ; Off                ; Off                ;
; Extract Verilog State Machines                                                  ; On                 ; On                 ;
; Extract VHDL State Machines                                                     ; On                 ; On                 ;
; Ignore Verilog initial constructs                                               ; Off                ; Off                ;
; Iteration limit for constant Verilog loops                                      ; 5000               ; 5000               ;
; Iteration limit for non-constant Verilog loops                                  ; 250                ; 250                ;
; Add Pass-Through Logic to Inferred RAMs                                         ; On                 ; On                 ;
; Infer RAMs from Raw Logic                                                       ; On                 ; On                 ;
; Parallel Synthesis                                                              ; On                 ; On                 ;
; DSP Block Balancing                                                             ; Auto               ; Auto               ;
; NOT Gate Push-Back                                                              ; On                 ; On                 ;
; Power-Up Don't Care                                                             ; On                 ; On                 ;
; Remove Redundant Logic Cells                                                    ; Off                ; Off                ;
; Remove Duplicate Registers                                                      ; On                 ; On                 ;
; Ignore CARRY Buffers                                                            ; Off                ; Off                ;
; Ignore CASCADE Buffers                                                          ; Off                ; Off                ;
; Ignore GLOBAL Buffers                                                           ; Off                ; Off                ;
; Ignore ROW GLOBAL Buffers                                                       ; Off                ; Off                ;
; Ignore LCELL Buffers                                                            ; Off                ; Off                ;
; Ignore SOFT Buffers                                                             ; On                 ; On                 ;
; Limit AHDL Integers to 32 Bits                                                  ; Off                ; Off                ;
; Carry Chain Length                                                              ; 70                 ; 70                 ;
; Auto Carry Chains                                                               ; On                 ; On                 ;
; Auto Open-Drain Pins                                                            ; On                 ; On                 ;
; Perform WYSIWYG Primitive Resynthesis                                           ; Off                ; Off                ;
; Auto ROM Replacement                                                            ; On                 ; On                 ;
; Auto RAM Replacement                                                            ; On                 ; On                 ;
; Auto DSP Block Replacement                                                      ; On                 ; On                 ;
; Auto Shift Register Replacement                                                 ; Auto               ; Auto               ;
; Allow Shift Register Merging across Hierarchies                                 ; Auto               ; Auto               ;
; Auto Clock Enable Replacement                                                   ; On                 ; On                 ;
; Strict RAM Replacement                                                          ; Off                ; Off                ;
; Allow Synchronous Control Signals                                               ; On                 ; On                 ;
; Force Use of Synchronous Clear Signals                                          ; Off                ; Off                ;
; Auto Resource Sharing                                                           ; Off                ; Off                ;
; Allow Any RAM Size For Recognition                                              ; Off                ; Off                ;
; Allow Any ROM Size For Recognition                                              ; Off                ; Off                ;
; Allow Any Shift Register Size For Recognition                                   ; Off                ; Off                ;
; Use LogicLock Constraints during Resource Balancing                             ; On                 ; On                 ;
; Ignore translate_off and synthesis_off directives                               ; Off                ; Off                ;
; Timing-Driven Synthesis                                                         ; On                 ; On                 ;
; Report Parameter Settings                                                       ; On                 ; On                 ;
; Report Source Assignments                                                       ; On                 ; On                 ;
; Report Connectivity Checks                                                      ; On                 ; On                 ;
; Ignore Maximum Fan-Out Assignments                                              ; Off                ; Off                ;
; Synchronization Register Chain Length                                           ; 3                  ; 3                  ;
; Power Optimization During Synthesis                                             ; Normal compilation ; Normal compilation ;
; HDL message level                                                               ; Level2             ; Level2             ;
; Suppress Register Optimization Related Messages                                 ; Off                ; Off                ;
; Number of Removed Registers Reported in Synthesis Report                        ; 5000               ; 5000               ;
; Number of Swept Nodes Reported in Synthesis Report                              ; 5000               ; 5000               ;
; Number of Inverted Registers Reported in Synthesis Report                       ; 100                ; 100                ;
; Clock MUX Protection                                                            ; On                 ; On                 ;
; Auto Gated Clock Conversion                                                     ; Off                ; Off                ;
; Block Design Naming                                                             ; Auto               ; Auto               ;
; SDC constraint protection                                                       ; Off                ; Off                ;
; Synthesis Effort                                                                ; Auto               ; Auto               ;
; Shift Register Replacement - Allow Asynchronous Clear Signal                    ; On                 ; On                 ;
; Pre-Mapping Resynthesis Optimization                                            ; Off                ; Off                ;
; Analysis & Synthesis Message Level                                              ; Medium             ; Medium             ;
; Disable Register Merging Across Hierarchies                                     ; Auto               ; Auto               ;
; Resource Aware Inference For Block RAM                                          ; On                 ; On                 ;
; Automatic Parallel Synthesis                                                    ; On                 ; On                 ;
; Partial Reconfiguration Bitstream ID                                            ; Off                ; Off                ;
+---------------------------------------------------------------------------------+--------------------+--------------------+


+------------------------------------------+
; Parallel Compilation                     ;
+----------------------------+-------------+
; Processors                 ; Number      ;
+----------------------------+-------------+
; Number detected on machine ; 8           ;
; Maximum allowed            ; 4           ;
;                            ;             ;
; Average used               ; 1.00        ;
; Maximum used               ; 4           ;
;                            ;             ;
; Usage by Processor         ; % Time Used ;
;     Processor 1            ; 100.0%      ;
;     Processors 2-4         ;   0.0%      ;
+----------------------------+-------------+


+---------------------------------------------------------------------------------------------------------------------------------------------------------------------------------------------+
; Analysis & Synthesis Source Files Read                                                                                                                                                      ;
+----------------------------------+-----------------+----------------------------------------+-------------------------------------------------------------------------------------+---------+
; File Name with User-Entered Path ; Used in Netlist ; File Type                              ; File Name with Absolute Path                                                        ; Library ;
+----------------------------------+-----------------+----------------------------------------+-------------------------------------------------------------------------------------+---------+
; i2c.v                            ; yes             ; User Verilog HDL File                  ; /home/sysele2503/exp/EXE42/i2c.v                                                    ;         ;
; clock_500.v                      ; yes             ; User Verilog HDL File                  ; /home/sysele2503/exp/EXE42/clock_500.v                                              ;         ;
; Soundtop.v                       ; yes             ; User Verilog HDL File                  ; /home/sysele2503/exp/EXE42/Soundtop.v                                               ;         ;
; ToneTable.v                      ; yes             ; User Wizard-Generated File             ; /home/sysele2503/exp/EXE42/ToneTable.v                                              ;         ;
; altsyncram.tdf                   ; yes             ; Megafunction                           ; /home/cad/Altera/Quartus-21.1/quartus/libraries/megafunctions/altsyncram.tdf        ;         ;
; stratix_ram_block.inc            ; yes             ; Megafunction                           ; /home/cad/Altera/Quartus-21.1/quartus/libraries/megafunctions/stratix_ram_block.inc ;         ;
; lpm_mux.inc                      ; yes             ; Megafunction                           ; /home/cad/Altera/Quartus-21.1/quartus/libraries/megafunctions/lpm_mux.inc           ;         ;
; lpm_decode.inc                   ; yes             ; Megafunction                           ; /home/cad/Altera/Quartus-21.1/quartus/libraries/megafunctions/lpm_decode.inc        ;         ;
; aglobal211.inc                   ; yes             ; Megafunction                           ; /home/cad/Altera/Quartus-21.1/quartus/libraries/megafunctions/aglobal211.inc        ;         ;
; a_rdenreg.inc                    ; yes             ; Megafunction                           ; /home/cad/Altera/Quartus-21.1/quartus/libraries/megafunctions/a_rdenreg.inc         ;         ;
; altrom.inc                       ; yes             ; Megafunction                           ; /home/cad/Altera/Quartus-21.1/quartus/libraries/megafunctions/altrom.inc            ;         ;
; altram.inc                       ; yes             ; Megafunction                           ; /home/cad/Altera/Quartus-21.1/quartus/libraries/megafunctions/altram.inc            ;         ;
; altdpram.inc                     ; yes             ; Megafunction                           ; /home/cad/Altera/Quartus-21.1/quartus/libraries/megafunctions/altdpram.inc          ;         ;
; db/altsyncram_dkf1.tdf           ; yes             ; Auto-Generated Megafunction            ; /home/sysele2503/exp/EXE42/db/altsyncram_dkf1.tdf                                   ;         ;
; ToneDB.mif                       ; yes             ; Auto-Found Memory Initialization File  ; /home/sysele2503/exp/EXE42/ToneDB.mif                                               ;         ;
; db/decode_u0a.tdf                ; yes             ; Auto-Generated Megafunction            ; /home/sysele2503/exp/EXE42/db/decode_u0a.tdf                                        ;         ;
; db/mux_0hb.tdf                   ; yes             ; Auto-Generated Megafunction            ; /home/sysele2503/exp/EXE42/db/mux_0hb.tdf                                           ;         ;
; keytr.v                          ; yes             ; Auto-Found Verilog HDL File            ; /home/sysele2503/exp/EXE42/keytr.v                                                  ;         ;
+----------------------------------+-----------------+----------------------------------------+-------------------------------------------------------------------------------------+---------+


+--------------------------------------------------------------+
; Analysis & Synthesis Resource Usage Summary                  ;
+---------------------------------------------+----------------+
; Resource                                    ; Usage          ;
+---------------------------------------------+----------------+
; Estimate of Logic utilization (ALMs needed) ; 162            ;
;                                             ;                ;
; Combinational ALUT usage for logic          ; 262            ;
;     -- 7 input functions                    ; 6              ;
;     -- 6 input functions                    ; 31             ;
;     -- 5 input functions                    ; 20             ;
;     -- 4 input functions                    ; 33             ;
;     -- <=3 input functions                  ; 172            ;
;                                             ;                ;
; Dedicated logic registers                   ; 178            ;
;                                             ;                ;
; I/O pins                                    ; 106            ;
; Total MLAB memory bits                      ; 0              ;
; Total block memory bits                     ; 196608         ;
;                                             ;                ;
; Total DSP Blocks                            ; 0              ;
;                                             ;                ;
; Maximum fan-out node                        ; AUD_BCLK~input ;
; Maximum fan-out                             ; 125            ;
; Total fan-out                               ; 2007           ;
; Average fan-out                             ; 2.95           ;
+---------------------------------------------+----------------+


+------------------------------------------------------------------------------------------------------------------------------------------------------------------------------------------------------------------------------------------------------------------------------------------+
; Analysis & Synthesis Resource Utilization by Entity                                                                                                                                                                                                                                      ;
+-------------------------------------------+---------------------+---------------------------+-------------------+------------+------+--------------+----------------------------------------------------------------------------------------------------+-----------------+--------------+
; Compilation Hierarchy Node                ; Combinational ALUTs ; Dedicated Logic Registers ; Block Memory Bits ; DSP Blocks ; Pins ; Virtual Pins ; Full Hierarchy Name                                                                                ; Entity Name     ; Library Name ;
+-------------------------------------------+---------------------+---------------------------+-------------------+------------+------+--------------+----------------------------------------------------------------------------------------------------+-----------------+--------------+
; |Soundtop                                 ; 262 (168)           ; 178 (99)                  ; 196608            ; 0          ; 106  ; 0            ; |Soundtop                                                                                          ; Soundtop        ; work         ;
;    |CLOCK_500:u1|                         ; 32 (32)             ; 33 (33)                   ; 0                 ; 0          ; 0    ; 0            ; |Soundtop|CLOCK_500:u1                                                                             ; CLOCK_500       ; work         ;
;    |ToneTable:u6|                         ; 12 (0)              ; 2 (0)                     ; 196608            ; 0          ; 0    ; 0            ; |Soundtop|ToneTable:u6                                                                             ; ToneTable       ; work         ;
;       |altsyncram:altsyncram_component|   ; 12 (0)              ; 2 (0)                     ; 196608            ; 0          ; 0    ; 0            ; |Soundtop|ToneTable:u6|altsyncram:altsyncram_component                                             ; altsyncram      ; work         ;
;          |altsyncram_dkf1:auto_generated| ; 12 (0)              ; 2 (2)                     ; 196608            ; 0          ; 0    ; 0            ; |Soundtop|ToneTable:u6|altsyncram:altsyncram_component|altsyncram_dkf1:auto_generated              ; altsyncram_dkf1 ; work         ;
;             |mux_0hb:mux2|                ; 12 (12)             ; 0 (0)                     ; 0                 ; 0          ; 0    ; 0            ; |Soundtop|ToneTable:u6|altsyncram:altsyncram_component|altsyncram_dkf1:auto_generated|mux_0hb:mux2 ; mux_0hb         ; work         ;
;    |i2c:u2|                               ; 27 (27)             ; 21 (21)                   ; 0                 ; 0          ; 0    ; 0            ; |Soundtop|i2c:u2                                                                                   ; i2c             ; work         ;
;    |keytr:u3|                             ; 23 (23)             ; 23 (23)                   ; 0                 ; 0          ; 0    ; 0            ; |Soundtop|keytr:u3                                                                                 ; keytr           ; work         ;
+-------------------------------------------+---------------------+---------------------------+-------------------+------------+------+--------------+----------------------------------------------------------------------------------------------------+-----------------+--------------+
Note: For table entries with two numbers listed, the numbers in parentheses indicate the number of resources of the given type used by the specific entity alone. The numbers listed outside of parentheses indicate the total resources of the given type used by the specific entity and all of its sub-entities in the hierarchy.


+----------------------------------------------------------------------------------------------------------------------------------------------------------------------------------------+
; Analysis & Synthesis RAM Summary                                                                                                                                                       ;
+----------------------------------------------------------------------------------------+------+------+--------------+--------------+--------------+--------------+--------+------------+
; Name                                                                                   ; Type ; Mode ; Port A Depth ; Port A Width ; Port B Depth ; Port B Width ; Size   ; MIF        ;
+----------------------------------------------------------------------------------------+------+------+--------------+--------------+--------------+--------------+--------+------------+
; ToneTable:u6|altsyncram:altsyncram_component|altsyncram_dkf1:auto_generated|ALTSYNCRAM ; AUTO ; ROM  ; 16384        ; 12           ; --           ; --           ; 196608 ; ToneDB.mif ;
+----------------------------------------------------------------------------------------+------+------+--------------+--------------+--------------+--------------+--------+------------+


+----------------------------------------------------------------------------------------------------------+
; Analysis & Synthesis IP Cores Summary                                                                    ;
+--------+--------------+---------+--------------+--------------+------------------------+-----------------+
; Vendor ; IP Core Name ; Version ; Release Date ; License Type ; Entity Instance        ; IP Include File ;
+--------+--------------+---------+--------------+--------------+------------------------+-----------------+
; Altera ; ROM: 1-PORT  ; 15.0    ; N/A          ; N/A          ; |Soundtop|ToneTable:u6 ; ToneTable.v     ;
+--------+--------------+---------+--------------+--------------+------------------------+-----------------+


+----------------------------------------------------------------------------------+
; Registers Removed During Synthesis                                               ;
+-----------------------------------------+----------------------------------------+
; Register name                           ; Reason for Removal                     ;
+-----------------------------------------+----------------------------------------+
; CLOCK_500:u1|ROM[0][0]                  ; Stuck at GND due to stuck port data_in ;
; CLOCK_500:u1|ROM[0][1]                  ; Stuck at GND due to stuck port data_in ;
; CLOCK_500:u1|ROM[0][2]                  ; Stuck at GND due to stuck port data_in ;
; CLOCK_500:u1|ROM[0][3]                  ; Stuck at GND due to stuck port data_in ;
; CLOCK_500:u1|ROM[0][4]                  ; Stuck at GND due to stuck port data_in ;
; CLOCK_500:u1|ROM[0][5]                  ; Stuck at GND due to stuck port data_in ;
; CLOCK_500:u1|ROM[0][6]                  ; Stuck at GND due to stuck port data_in ;
; CLOCK_500:u1|ROM[0][7]                  ; Stuck at GND due to stuck port data_in ;
; CLOCK_500:u1|ROM[0][8]                  ; Stuck at GND due to stuck port data_in ;
; CLOCK_500:u1|ROM[0][9]                  ; Stuck at GND due to stuck port data_in ;
; CLOCK_500:u1|ROM[0][10]                 ; Stuck at VCC due to stuck port data_in ;
; CLOCK_500:u1|ROM[0][11]                 ; Stuck at VCC due to stuck port data_in ;
; CLOCK_500:u1|ROM[0][12]                 ; Stuck at GND due to stuck port data_in ;
; CLOCK_500:u1|ROM[0][13]                 ; Stuck at GND due to stuck port data_in ;
; CLOCK_500:u1|ROM[0][14]                 ; Stuck at GND due to stuck port data_in ;
; CLOCK_500:u1|ROM[0][15]                 ; Stuck at GND due to stuck port data_in ;
; CLOCK_500:u1|ROM[1][0]                  ; Stuck at GND due to stuck port data_in ;
; CLOCK_500:u1|ROM[1][1]                  ; Stuck at VCC due to stuck port data_in ;
; CLOCK_500:u1|ROM[1][2]                  ; Stuck at GND due to stuck port data_in ;
; CLOCK_500:u1|ROM[1][3]                  ; Stuck at GND due to stuck port data_in ;
; CLOCK_500:u1|ROM[1][4]                  ; Stuck at GND due to stuck port data_in ;
; CLOCK_500:u1|ROM[1][5]                  ; Stuck at GND due to stuck port data_in ;
; CLOCK_500:u1|ROM[1][6]                  ; Stuck at VCC due to stuck port data_in ;
; CLOCK_500:u1|ROM[1][7]                  ; Stuck at VCC due to stuck port data_in ;
; CLOCK_500:u1|ROM[1][8]                  ; Stuck at GND due to stuck port data_in ;
; CLOCK_500:u1|ROM[1][9]                  ; Stuck at VCC due to stuck port data_in ;
; CLOCK_500:u1|ROM[1][10]                 ; Stuck at VCC due to stuck port data_in ;
; CLOCK_500:u1|ROM[1][11]                 ; Stuck at VCC due to stuck port data_in ;
; CLOCK_500:u1|ROM[1][12]                 ; Stuck at GND due to stuck port data_in ;
; CLOCK_500:u1|ROM[1][13]                 ; Stuck at GND due to stuck port data_in ;
; CLOCK_500:u1|ROM[1][14]                 ; Stuck at GND due to stuck port data_in ;
; CLOCK_500:u1|ROM[1][15]                 ; Stuck at GND due to stuck port data_in ;
; CLOCK_500:u1|ROM[3][0]                  ; Stuck at GND due to stuck port data_in ;
; CLOCK_500:u1|ROM[3][1]                  ; Stuck at GND due to stuck port data_in ;
; CLOCK_500:u1|ROM[3][2]                  ; Stuck at GND due to stuck port data_in ;
; CLOCK_500:u1|ROM[3][3]                  ; Stuck at GND due to stuck port data_in ;
; CLOCK_500:u1|ROM[3][4]                  ; Stuck at GND due to stuck port data_in ;
; CLOCK_500:u1|ROM[3][5]                  ; Stuck at GND due to stuck port data_in ;
; CLOCK_500:u1|ROM[3][6]                  ; Stuck at GND due to stuck port data_in ;
; CLOCK_500:u1|ROM[3][7]                  ; Stuck at GND due to stuck port data_in ;
; CLOCK_500:u1|ROM[3][8]                  ; Stuck at GND due to stuck port data_in ;
; CLOCK_500:u1|ROM[3][9]                  ; Stuck at GND due to stuck port data_in ;
; CLOCK_500:u1|ROM[3][10]                 ; Stuck at GND due to stuck port data_in ;
; CLOCK_500:u1|ROM[3][11]                 ; Stuck at GND due to stuck port data_in ;
; CLOCK_500:u1|ROM[3][12]                 ; Stuck at VCC due to stuck port data_in ;
; CLOCK_500:u1|ROM[3][13]                 ; Stuck at GND due to stuck port data_in ;
; CLOCK_500:u1|ROM[3][14]                 ; Stuck at GND due to stuck port data_in ;
; CLOCK_500:u1|ROM[3][15]                 ; Stuck at GND due to stuck port data_in ;
; CLOCK_500:u1|ROM[4][0]                  ; Stuck at VCC due to stuck port data_in ;
; CLOCK_500:u1|ROM[4][1]                  ; Stuck at VCC due to stuck port data_in ;
; CLOCK_500:u1|ROM[4][2]                  ; Stuck at VCC due to stuck port data_in ;
; CLOCK_500:u1|ROM[4][3]                  ; Stuck at GND due to stuck port data_in ;
; CLOCK_500:u1|ROM[4][4]                  ; Stuck at VCC due to stuck port data_in ;
; CLOCK_500:u1|ROM[4][5]                  ; Stuck at GND due to stuck port data_in ;
; CLOCK_500:u1|ROM[4][6]                  ; Stuck at GND due to stuck port data_in ;
; CLOCK_500:u1|ROM[4][7]                  ; Stuck at GND due to stuck port data_in ;
; CLOCK_500:u1|ROM[4][8]                  ; Stuck at GND due to stuck port data_in ;
; CLOCK_500:u1|ROM[4][9]                  ; Stuck at GND due to stuck port data_in ;
; CLOCK_500:u1|ROM[4][10]                 ; Stuck at GND due to stuck port data_in ;
; CLOCK_500:u1|ROM[4][11]                 ; Stuck at GND due to stuck port data_in ;
; CLOCK_500:u1|ROM[4][12]                 ; Stuck at GND due to stuck port data_in ;
; CLOCK_500:u1|ROM[4][13]                 ; Stuck at GND due to stuck port data_in ;
; CLOCK_500:u1|ROM[4][14]                 ; Stuck at GND due to stuck port data_in ;
; CLOCK_500:u1|ROM[4][15]                 ; Stuck at GND due to stuck port data_in ;
; CLOCK_500:u1|ROM[5][0]                  ; Stuck at VCC due to stuck port data_in ;
; CLOCK_500:u1|ROM[5][1]                  ; Stuck at VCC due to stuck port data_in ;
; CLOCK_500:u1|ROM[5][2]                  ; Stuck at VCC due to stuck port data_in ;
; CLOCK_500:u1|ROM[5][3]                  ; Stuck at GND due to stuck port data_in ;
; CLOCK_500:u1|ROM[5][4]                  ; Stuck at VCC due to stuck port data_in ;
; CLOCK_500:u1|ROM[5][5]                  ; Stuck at GND due to stuck port data_in ;
; CLOCK_500:u1|ROM[5][6]                  ; Stuck at GND due to stuck port data_in ;
; CLOCK_500:u1|ROM[5][7]                  ; Stuck at GND due to stuck port data_in ;
; CLOCK_500:u1|ROM[5][8]                  ; Stuck at GND due to stuck port data_in ;
; CLOCK_500:u1|ROM[5][9]                  ; Stuck at VCC due to stuck port data_in ;
; CLOCK_500:u1|ROM[5][10]                 ; Stuck at GND due to stuck port data_in ;
; CLOCK_500:u1|ROM[5][11]                 ; Stuck at GND due to stuck port data_in ;
; CLOCK_500:u1|ROM[5][12]                 ; Stuck at GND due to stuck port data_in ;
; CLOCK_500:u1|ROM[5][13]                 ; Stuck at GND due to stuck port data_in ;
; CLOCK_500:u1|ROM[5][14]                 ; Stuck at GND due to stuck port data_in ;
; CLOCK_500:u1|ROM[5][15]                 ; Stuck at GND due to stuck port data_in ;
; CLOCK_500:u1|ROM[6][0]                  ; Stuck at VCC due to stuck port data_in ;
; CLOCK_500:u1|ROM[6][1]                  ; Stuck at VCC due to stuck port data_in ;
; CLOCK_500:u1|ROM[6][2]                  ; Stuck at VCC due to stuck port data_in ;
; CLOCK_500:u1|ROM[6][3]                  ; Stuck at VCC due to stuck port data_in ;
; CLOCK_500:u1|ROM[6][4]                  ; Stuck at VCC due to stuck port data_in ;
; CLOCK_500:u1|ROM[6][5]                  ; Stuck at VCC due to stuck port data_in ;
; CLOCK_500:u1|ROM[6][6]                  ; Stuck at VCC due to stuck port data_in ;
; CLOCK_500:u1|ROM[6][7]                  ; Stuck at GND due to stuck port data_in ;
; CLOCK_500:u1|ROM[6][8]                  ; Stuck at GND due to stuck port data_in ;
; CLOCK_500:u1|ROM[6][9]                  ; Stuck at GND due to stuck port data_in ;
; CLOCK_500:u1|ROM[6][10]                 ; Stuck at VCC due to stuck port data_in ;
; CLOCK_500:u1|ROM[6][11]                 ; Stuck at GND due to stuck port data_in ;
; CLOCK_500:u1|ROM[6][12]                 ; Stuck at GND due to stuck port data_in ;
; CLOCK_500:u1|ROM[6][13]                 ; Stuck at GND due to stuck port data_in ;
; CLOCK_500:u1|ROM[6][14]                 ; Stuck at GND due to stuck port data_in ;
; CLOCK_500:u1|ROM[6][15]                 ; Stuck at GND due to stuck port data_in ;
; CLOCK_500:u1|ROM[7][0]                  ; Stuck at VCC due to stuck port data_in ;
; CLOCK_500:u1|ROM[7][1]                  ; Stuck at VCC due to stuck port data_in ;
; CLOCK_500:u1|ROM[7][2]                  ; Stuck at VCC due to stuck port data_in ;
; CLOCK_500:u1|ROM[7][3]                  ; Stuck at VCC due to stuck port data_in ;
; CLOCK_500:u1|ROM[7][4]                  ; Stuck at VCC due to stuck port data_in ;
; CLOCK_500:u1|ROM[7][5]                  ; Stuck at VCC due to stuck port data_in ;
; CLOCK_500:u1|ROM[7][6]                  ; Stuck at VCC due to stuck port data_in ;
; CLOCK_500:u1|ROM[7][7]                  ; Stuck at GND due to stuck port data_in ;
; CLOCK_500:u1|ROM[7][8]                  ; Stuck at GND due to stuck port data_in ;
; CLOCK_500:u1|ROM[7][9]                  ; Stuck at VCC due to stuck port data_in ;
; CLOCK_500:u1|ROM[7][10]                 ; Stuck at VCC due to stuck port data_in ;
; CLOCK_500:u1|ROM[7][11]                 ; Stuck at GND due to stuck port data_in ;
; CLOCK_500:u1|ROM[7][12]                 ; Stuck at GND due to stuck port data_in ;
; CLOCK_500:u1|ROM[7][13]                 ; Stuck at GND due to stuck port data_in ;
; CLOCK_500:u1|ROM[7][14]                 ; Stuck at GND due to stuck port data_in ;
; CLOCK_500:u1|ROM[7][15]                 ; Stuck at GND due to stuck port data_in ;
; CLOCK_500:u1|ROM[8][0]                  ; Stuck at VCC due to stuck port data_in ;
; CLOCK_500:u1|ROM[8][1]                  ; Stuck at GND due to stuck port data_in ;
; CLOCK_500:u1|ROM[8][2]                  ; Stuck at GND due to stuck port data_in ;
; CLOCK_500:u1|ROM[8][3]                  ; Stuck at GND due to stuck port data_in ;
; CLOCK_500:u1|ROM[8][4]                  ; Stuck at GND due to stuck port data_in ;
; CLOCK_500:u1|ROM[8][5]                  ; Stuck at GND due to stuck port data_in ;
; CLOCK_500:u1|ROM[8][6]                  ; Stuck at GND due to stuck port data_in ;
; CLOCK_500:u1|ROM[8][7]                  ; Stuck at GND due to stuck port data_in ;
; CLOCK_500:u1|ROM[8][8]                  ; Stuck at GND due to stuck port data_in ;
; CLOCK_500:u1|ROM[8][9]                  ; Stuck at VCC due to stuck port data_in ;
; CLOCK_500:u1|ROM[8][10]                 ; Stuck at GND due to stuck port data_in ;
; CLOCK_500:u1|ROM[8][11]                 ; Stuck at GND due to stuck port data_in ;
; CLOCK_500:u1|ROM[8][12]                 ; Stuck at VCC due to stuck port data_in ;
; CLOCK_500:u1|ROM[8][13]                 ; Stuck at GND due to stuck port data_in ;
; CLOCK_500:u1|ROM[8][14]                 ; Stuck at GND due to stuck port data_in ;
; CLOCK_500:u1|ROM[8][15]                 ; Stuck at GND due to stuck port data_in ;
; Sound[0..2]                             ; Stuck at GND due to stuck port data_in ;
; i2c:u2|SD[22,23]                        ; Stuck at GND due to stuck port data_in ;
; i2c:u2|SD[20,21]                        ; Stuck at VCC due to stuck port data_in ;
; i2c:u2|SD[19]                           ; Stuck at GND due to stuck port data_in ;
; i2c:u2|SD[18]                           ; Stuck at VCC due to stuck port data_in ;
; i2c:u2|SD[16,17]                        ; Stuck at GND due to stuck port data_in ;
; CLOCK_500:u1|ROM[2][10]                 ; Merged with CLOCK_500:u1|ROM[2][0]     ;
; CLOCK_500:u1|ROM[2][12]                 ; Merged with CLOCK_500:u1|ROM[2][0]     ;
; CLOCK_500:u1|ROM[2][13]                 ; Merged with CLOCK_500:u1|ROM[2][0]     ;
; CLOCK_500:u1|ROM[2][14]                 ; Merged with CLOCK_500:u1|ROM[2][0]     ;
; CLOCK_500:u1|ROM[2][15]                 ; Merged with CLOCK_500:u1|ROM[2][0]     ;
; CLOCK_500:u1|ROM[2][1]                  ; Merged with CLOCK_500:u1|ROM[2][0]     ;
; CLOCK_500:u1|ROM[2][2]                  ; Merged with CLOCK_500:u1|ROM[2][0]     ;
; CLOCK_500:u1|ROM[2][6]                  ; Merged with CLOCK_500:u1|ROM[2][0]     ;
; CLOCK_500:u1|ROM[2][7]                  ; Merged with CLOCK_500:u1|ROM[2][0]     ;
; CLOCK_500:u1|ROM[2][8]                  ; Merged with CLOCK_500:u1|ROM[2][0]     ;
; CLOCK_500:u1|ROM[2][9]                  ; Merged with CLOCK_500:u1|ROM[2][0]     ;
; SoL[0]                                  ; Stuck at GND due to stuck port data_in ;
; SoR[0]                                  ; Stuck at GND due to stuck port data_in ;
; CLOCK_500:u1|ROM[2][0]                  ; Stuck at GND due to stuck port data_in ;
; SoL[1]                                  ; Stuck at GND due to stuck port data_in ;
; SoR[1]                                  ; Stuck at GND due to stuck port data_in ;
; SoL[2]                                  ; Stuck at GND due to stuck port data_in ;
; SoR[2]                                  ; Stuck at GND due to stuck port data_in ;
; ToneX3[0..5]                            ; Lost fanout                            ;
; ToneX2[0..5]                            ; Lost fanout                            ;
; CLOCK_500:u1|ROM[2][11]                 ; Stuck at VCC due to stuck port data_in ;
; CLOCK_500:u1|DATA_A[8,13..15]           ; Stuck at GND due to stuck port data_in ;
; i2c:u2|SD[8,13..15]                     ; Stuck at GND due to stuck port data_in ;
; CLOCK_500:u1|address[4,5]               ; Stuck at GND due to stuck port data_in ;
; Total Number of Removed Registers = 180 ;                                        ;
+-----------------------------------------+----------------------------------------+


+----------------------------------------------------------------------------------------------+
; Removed Registers Triggering Further Register Optimizations                                  ;
+-------------------------+---------------------------+----------------------------------------+
; Register name           ; Reason for Removal        ; Registers Removed due to This Register ;
+-------------------------+---------------------------+----------------------------------------+
; CLOCK_500:u1|ROM[0][8]  ; Stuck at GND              ; CLOCK_500:u1|DATA_A[8], i2c:u2|SD[8]   ;
;                         ; due to stuck port data_in ;                                        ;
; CLOCK_500:u1|ROM[0][13] ; Stuck at GND              ; CLOCK_500:u1|DATA_A[13], i2c:u2|SD[13] ;
;                         ; due to stuck port data_in ;                                        ;
; CLOCK_500:u1|ROM[0][14] ; Stuck at GND              ; CLOCK_500:u1|DATA_A[14], i2c:u2|SD[14] ;
;                         ; due to stuck port data_in ;                                        ;
; CLOCK_500:u1|ROM[0][15] ; Stuck at GND              ; CLOCK_500:u1|DATA_A[15], i2c:u2|SD[15] ;
;                         ; due to stuck port data_in ;                                        ;
; Sound[2]                ; Stuck at GND              ; SoL[2], SoR[2]                         ;
;                         ; due to stuck port data_in ;                                        ;
; Sound[1]                ; Stuck at GND              ; SoL[1], SoR[1]                         ;
;                         ; due to stuck port data_in ;                                        ;
; Sound[0]                ; Stuck at GND              ; SoL[0], SoR[0]                         ;
;                         ; due to stuck port data_in ;                                        ;
; ToneX3[5]               ; Lost Fanouts              ; ToneX2[5]                              ;
; ToneX3[4]               ; Lost Fanouts              ; ToneX2[4]                              ;
; ToneX3[3]               ; Lost Fanouts              ; ToneX2[3]                              ;
; ToneX3[2]               ; Lost Fanouts              ; ToneX2[2]                              ;
; ToneX3[1]               ; Lost Fanouts              ; ToneX2[1]                              ;
; ToneX3[0]               ; Lost Fanouts              ; ToneX2[0]                              ;
; CLOCK_500:u1|address[5] ; Stuck at GND              ; CLOCK_500:u1|address[4]                ;
;                         ; due to stuck port data_in ;                                        ;
+-------------------------+---------------------------+----------------------------------------+


+------------------------------------------------------+
; General Register Statistics                          ;
+----------------------------------------------+-------+
; Statistic                                    ; Value ;
+----------------------------------------------+-------+
; Total registers                              ; 178   ;
; Number of registers using Synchronous Clear  ; 47    ;
; Number of registers using Synchronous Load   ; 57    ;
; Number of registers using Asynchronous Clear ; 5     ;
; Number of registers using Asynchronous Load  ; 0     ;
; Number of registers using Clock Enable       ; 112   ;
; Number of registers using Preset             ; 0     ;
+----------------------------------------------+-------+


+--------------------------------------------------+
; Inverted Register Statistics                     ;
+----------------------------------------+---------+
; Inverted Register                      ; Fan out ;
+----------------------------------------+---------+
; keytr:u3|flag                          ; 6       ;
; Total number of inverted registers = 1 ;         ;
+----------------------------------------+---------+


+-------------------------------------------------------------------------------------------------------------------------------------------------+
; Multiplexer Restructuring Statistics (No Restructuring Performed)                                                                               ;
+--------------------+-----------+---------------+----------------------+------------------------+------------+-----------------------------------+
; Multiplexer Inputs ; Bus Width ; Baseline Area ; Area if Restructured ; Saving if Restructured ; Registered ; Example Multiplexer Output        ;
+--------------------+-----------+---------------+----------------------+------------------------+------------+-----------------------------------+
; 3:1                ; 3 bits    ; 6 LEs         ; 3 LEs                ; 3 LEs                  ; Yes        ; |Soundtop|CLOCK_500:u1|ROM[2][5]  ;
; 3:1                ; 12 bits   ; 24 LEs        ; 0 LEs                ; 24 LEs                 ; Yes        ; |Soundtop|SoR[4]                  ;
; 3:1                ; 12 bits   ; 24 LEs        ; 0 LEs                ; 24 LEs                 ; Yes        ; |Soundtop|SoL[15]                 ;
; 3:1                ; 6 bits    ; 12 LEs        ; 6 LEs                ; 6 LEs                  ; Yes        ; |Soundtop|i2c:u2|SD_COUNTER[0]    ;
; 3:1                ; 27 bits   ; 54 LEs        ; 0 LEs                ; 54 LEs                 ; Yes        ; |Soundtop|ToneX2[7]               ;
; 3:1                ; 2 bits    ; 4 LEs         ; 2 LEs                ; 2 LEs                  ; Yes        ; |Soundtop|CLOCK_500:u1|state[1]   ;
; 4:1                ; 9 bits    ; 18 LEs        ; 0 LEs                ; 18 LEs                 ; Yes        ; |Soundtop|ToneX[11]               ;
; 4:1                ; 11 bits   ; 22 LEs        ; 0 LEs                ; 22 LEs                 ; Yes        ; |Soundtop|Freq[9]                 ;
; 4:1                ; 3 bits    ; 6 LEs         ; 6 LEs                ; 0 LEs                  ; Yes        ; |Soundtop|Freq[8]                 ;
; 9:1                ; 4 bits    ; 24 LEs        ; 16 LEs               ; 8 LEs                  ; Yes        ; |Soundtop|CLOCK_500:u1|DATA_A[11] ;
; 5:1                ; 4 bits    ; 12 LEs        ; 8 LEs                ; 4 LEs                  ; Yes        ; |Soundtop|FlagOLR[1]              ;
; 4:1                ; 6 bits    ; 12 LEs        ; 12 LEs               ; 0 LEs                  ; No         ; |Soundtop|ToneTblAddr[3]          ;
; 4:1                ; 8 bits    ; 16 LEs        ; 16 LEs               ; 0 LEs                  ; No         ; |Soundtop|ToneTblAddr[12]         ;
+--------------------+-----------+---------------+----------------------+------------------------+------------+-----------------------------------+


+----------------------------------------------------------------------------------------------------+
; Source assignments for ToneTable:u6|altsyncram:altsyncram_component|altsyncram_dkf1:auto_generated ;
+---------------------------------+--------------------+------+--------------------------------------+
; Assignment                      ; Value              ; From ; To                                   ;
+---------------------------------+--------------------+------+--------------------------------------+
; OPTIMIZE_POWER_DURING_SYNTHESIS ; NORMAL_COMPILATION ; -    ; -                                    ;
+---------------------------------+--------------------+------+--------------------------------------+


+-------------------------------------------------------------------------------------------+
; Parameter Settings for User Entity Instance: ToneTable:u6|altsyncram:altsyncram_component ;
+------------------------------------+----------------------+-------------------------------+
; Parameter Name                     ; Value                ; Type                          ;
+------------------------------------+----------------------+-------------------------------+
; BYTE_SIZE_BLOCK                    ; 8                    ; Untyped                       ;
; AUTO_CARRY_CHAINS                  ; ON                   ; AUTO_CARRY                    ;
; IGNORE_CARRY_BUFFERS               ; OFF                  ; IGNORE_CARRY                  ;
; AUTO_CASCADE_CHAINS                ; ON                   ; AUTO_CASCADE                  ;
; IGNORE_CASCADE_BUFFERS             ; OFF                  ; IGNORE_CASCADE                ;
; WIDTH_BYTEENA                      ; 1                    ; Untyped                       ;
; OPERATION_MODE                     ; ROM                  ; Untyped                       ;
; WIDTH_A                            ; 12                   ; Signed Integer                ;
; WIDTHAD_A                          ; 14                   ; Signed Integer                ;
; NUMWORDS_A                         ; 16384                ; Signed Integer                ;
; OUTDATA_REG_A                      ; CLOCK0               ; Untyped                       ;
; ADDRESS_ACLR_A                     ; NONE                 ; Untyped                       ;
; OUTDATA_ACLR_A                     ; NONE                 ; Untyped                       ;
; WRCONTROL_ACLR_A                   ; NONE                 ; Untyped                       ;
; INDATA_ACLR_A                      ; NONE                 ; Untyped                       ;
; BYTEENA_ACLR_A                     ; NONE                 ; Untyped                       ;
; WIDTH_B                            ; 1                    ; Untyped                       ;
; WIDTHAD_B                          ; 1                    ; Untyped                       ;
; NUMWORDS_B                         ; 1                    ; Untyped                       ;
; INDATA_REG_B                       ; CLOCK1               ; Untyped                       ;
; WRCONTROL_WRADDRESS_REG_B          ; CLOCK1               ; Untyped                       ;
; RDCONTROL_REG_B                    ; CLOCK1               ; Untyped                       ;
; ADDRESS_REG_B                      ; CLOCK1               ; Untyped                       ;
; OUTDATA_REG_B                      ; UNREGISTERED         ; Untyped                       ;
; BYTEENA_REG_B                      ; CLOCK1               ; Untyped                       ;
; INDATA_ACLR_B                      ; NONE                 ; Untyped                       ;
; WRCONTROL_ACLR_B                   ; NONE                 ; Untyped                       ;
; ADDRESS_ACLR_B                     ; NONE                 ; Untyped                       ;
; OUTDATA_ACLR_B                     ; NONE                 ; Untyped                       ;
; RDCONTROL_ACLR_B                   ; NONE                 ; Untyped                       ;
; BYTEENA_ACLR_B                     ; NONE                 ; Untyped                       ;
; WIDTH_BYTEENA_A                    ; 1                    ; Signed Integer                ;
; WIDTH_BYTEENA_B                    ; 1                    ; Untyped                       ;
; RAM_BLOCK_TYPE                     ; AUTO                 ; Untyped                       ;
; BYTE_SIZE                          ; 8                    ; Untyped                       ;
; READ_DURING_WRITE_MODE_MIXED_PORTS ; DONT_CARE            ; Untyped                       ;
; READ_DURING_WRITE_MODE_PORT_A      ; NEW_DATA_NO_NBE_READ ; Untyped                       ;
; READ_DURING_WRITE_MODE_PORT_B      ; NEW_DATA_NO_NBE_READ ; Untyped                       ;
; INIT_FILE                          ; ToneDB.mif           ; Untyped                       ;
; INIT_FILE_LAYOUT                   ; PORT_A               ; Untyped                       ;
; MAXIMUM_DEPTH                      ; 0                    ; Untyped                       ;
; CLOCK_ENABLE_INPUT_A               ; BYPASS               ; Untyped                       ;
; CLOCK_ENABLE_INPUT_B               ; NORMAL               ; Untyped                       ;
; CLOCK_ENABLE_OUTPUT_A              ; BYPASS               ; Untyped                       ;
; CLOCK_ENABLE_OUTPUT_B              ; NORMAL               ; Untyped                       ;
; CLOCK_ENABLE_CORE_A                ; USE_INPUT_CLKEN      ; Untyped                       ;
; CLOCK_ENABLE_CORE_B                ; USE_INPUT_CLKEN      ; Untyped                       ;
; ENABLE_ECC                         ; FALSE                ; Untyped                       ;
; ECC_PIPELINE_STAGE_ENABLED         ; FALSE                ; Untyped                       ;
; WIDTH_ECCSTATUS                    ; 3                    ; Untyped                       ;
; DEVICE_FAMILY                      ; Cyclone V            ; Untyped                       ;
; CBXI_PARAMETER                     ; altsyncram_dkf1      ; Untyped                       ;
+------------------------------------+----------------------+-------------------------------+
Note: In order to hide this table in the UI and the text report file, please set the "Show Parameter Settings in Synthesis Report" option in "Analysis and Synthesis Settings -> More Settings" to "Off".


+------------------------------------------------------------------------------------------+
; altsyncram Parameter Settings by Entity Instance                                         ;
+-------------------------------------------+----------------------------------------------+
; Name                                      ; Value                                        ;
+-------------------------------------------+----------------------------------------------+
; Number of entity instances                ; 1                                            ;
; Entity Instance                           ; ToneTable:u6|altsyncram:altsyncram_component ;
;     -- OPERATION_MODE                     ; ROM                                          ;
;     -- WIDTH_A                            ; 12                                           ;
;     -- NUMWORDS_A                         ; 16384                                        ;
;     -- OUTDATA_REG_A                      ; CLOCK0                                       ;
;     -- WIDTH_B                            ; 1                                            ;
;     -- NUMWORDS_B                         ; 1                                            ;
;     -- ADDRESS_REG_B                      ; CLOCK1                                       ;
;     -- OUTDATA_REG_B                      ; UNREGISTERED                                 ;
;     -- RAM_BLOCK_TYPE                     ; AUTO                                         ;
;     -- READ_DURING_WRITE_MODE_MIXED_PORTS ; DONT_CARE                                    ;
+-------------------------------------------+----------------------------------------------+


+-------------------------------------------------------------------------------------------------------------------------------------------------------------------------------+
; Port Connectivity Checks: "i2c:u2"                                                                                                                                            ;
+------------+--------+----------+----------------------------------------------------------------------------------------------------------------------------------------------+
; Port       ; Type   ; Severity ; Details                                                                                                                                      ;
+------------+--------+----------+----------------------------------------------------------------------------------------------------------------------------------------------+
; RESET      ; Input  ; Info     ; Stuck at VCC                                                                                                                                 ;
; W_R        ; Input  ; Warning  ; Declared by entity but not connected by instance. If a default value exists, it will be used.  Otherwise, the port will be connected to GND. ;
; ACK        ; Output ; Warning  ; Declared by entity but not connected by instance. Logic that only feeds a dangling port will be removed.                                     ;
; SD_COUNTER ; Output ; Warning  ; Declared by entity but not connected by instance. Logic that only feeds a dangling port will be removed.                                     ;
; SDO        ; Output ; Warning  ; Declared by entity but not connected by instance. Logic that only feeds a dangling port will be removed.                                     ;
+------------+--------+----------+----------------------------------------------------------------------------------------------------------------------------------------------+


+----------------------------------------------------------------------------------------------------------------------------------------+
; Port Connectivity Checks: "keytr:u3"                                                                                                   ;
+---------+--------+----------+----------------------------------------------------------------------------------------------------------+
; Port    ; Type   ; Severity ; Details                                                                                                  ;
+---------+--------+----------+----------------------------------------------------------------------------------------------------------+
; ON      ; Output ; Warning  ; Declared by entity but not connected by instance. Logic that only feeds a dangling port will be removed. ;
; counter ; Output ; Warning  ; Declared by entity but not connected by instance. Logic that only feeds a dangling port will be removed. ;
+---------+--------+----------+----------------------------------------------------------------------------------------------------------+


+-----------------------------------------------------+
; Post-Synthesis Netlist Statistics for Top Partition ;
+-----------------------+-----------------------------+
; Type                  ; Count                       ;
+-----------------------+-----------------------------+
; arriav_ff             ; 178                         ;
;     CLR               ; 5                           ;
;     ENA               ; 44                          ;
;     ENA SCLR          ; 25                          ;
;     ENA SLD           ; 43                          ;
;     SCLR              ; 22                          ;
;     SLD               ; 14                          ;
;     plain             ; 25                          ;
; arriav_io_obuf        ; 4                           ;
; arriav_lcell_comb     ; 262                         ;
;     arith             ; 101                         ;
;         0 data inputs ; 1                           ;
;         1 data inputs ; 72                          ;
;         2 data inputs ; 16                          ;
;         3 data inputs ; 12                          ;
;     extend            ; 6                           ;
;         7 data inputs ; 6                           ;
;     normal            ; 155                         ;
;         0 data inputs ; 1                           ;
;         1 data inputs ; 1                           ;
;         2 data inputs ; 7                           ;
;         3 data inputs ; 62                          ;
;         4 data inputs ; 33                          ;
;         5 data inputs ; 20                          ;
;         6 data inputs ; 31                          ;
; boundary_port         ; 106                         ;
; stratixv_ram_block    ; 24                          ;
;                       ;                             ;
; Max LUT depth         ; 4.50                        ;
; Average LUT depth     ; 2.12                        ;
+-----------------------+-----------------------------+


+-------------------------------+
; Elapsed Time Per Partition    ;
+----------------+--------------+
; Partition Name ; Elapsed Time ;
+----------------+--------------+
; Top            ; 00:00:00     ;
+----------------+--------------+


+-------------------------------+
; Analysis & Synthesis Messages ;
+-------------------------------+
Info: *******************************************************************
Info: Running Quartus Prime Analysis & Synthesis
    Info: Version 21.1.1 Build 850 06/23/2022 SJ Lite Edition
    Info: Processing started: Tue Oct  7 15:11:06 2025
Info: Command: quartus_map --read_settings_files=on --write_settings_files=off Soundtop -c Soundtop
Info (16303): Aggressive Performance optimization mode selected -- timing performance will be prioritized at the potential cost of increased logic area and compilation time
Warning (18236): Number of processors has not been specified which may cause overloading on shared machines.  Set the global assignment NUM_PARALLEL_PROCESSORS in your QSF to an appropriate value for best performance.
Info (20030): Parallel compilation is enabled and will use 4 of the 4 processors detected
Info (12021): Found 1 design units, including 1 entities, in source file i2c.v
    Info (12023): Found entity 1: i2c File: /home/sysele2503/exp/EXE42/i2c.v Line: 43
Info (12021): Found 1 design units, including 1 entities, in source file clock_500.v
    Info (12023): Found entity 1: CLOCK_500 File: /home/sysele2503/exp/EXE42/clock_500.v Line: 3
Info (12021): Found 1 design units, including 1 entities, in source file Soundtop.v
    Info (12023): Found entity 1: Soundtop File: /home/sysele2503/exp/EXE42/Soundtop.v Line: 4
Info (12021): Found 1 design units, including 1 entities, in source file ToneTable.v
    Info (12023): Found entity 1: ToneTable File: /home/sysele2503/exp/EXE42/ToneTable.v Line: 40
Warning (10236): Verilog HDL Implicit Net warning at Soundtop.v(82): created implicit net for "NRST" File: /home/sysele2503/exp/EXE42/Soundtop.v Line: 82
Info (12127): Elaborating entity "Soundtop" for the top level hierarchy
Warning (10036): Verilog HDL or VHDL warning at Soundtop.v(78): object "Storage" assigned a value but never read File: /home/sysele2503/exp/EXE42/Soundtop.v Line: 78
Warning (10036): Verilog HDL or VHDL warning at Soundtop.v(92): object "Amp" assigned a value but never read File: /home/sysele2503/exp/EXE42/Soundtop.v Line: 92
Warning (10230): Verilog HDL assignment warning at Soundtop.v(135): truncated value with size 32 to match size of target (4) File: /home/sysele2503/exp/EXE42/Soundtop.v Line: 135
Warning (10230): Verilog HDL assignment warning at Soundtop.v(144): truncated value with size 32 to match size of target (12) File: /home/sysele2503/exp/EXE42/Soundtop.v Line: 144
Warning (10230): Verilog HDL assignment warning at Soundtop.v(150): truncated value with size 32 to match size of target (16) File: /home/sysele2503/exp/EXE42/Soundtop.v Line: 150
Warning (10230): Verilog HDL assignment warning at Soundtop.v(152): truncated value with size 32 to match size of target (16) File: /home/sysele2503/exp/EXE42/Soundtop.v Line: 152
Warning (10230): Verilog HDL assignment warning at Soundtop.v(159): truncated value with size 32 to match size of target (16) File: /home/sysele2503/exp/EXE42/Soundtop.v Line: 159
Warning (10230): Verilog HDL assignment warning at Soundtop.v(168): truncated value with size 32 to match size of target (4) File: /home/sysele2503/exp/EXE42/Soundtop.v Line: 168
Warning (10230): Verilog HDL assignment warning at Soundtop.v(174): truncated value with size 32 to match size of target (16) File: /home/sysele2503/exp/EXE42/Soundtop.v Line: 174
Warning (10034): Output port "HEX0" at Soundtop.v(18) has no driver File: /home/sysele2503/exp/EXE42/Soundtop.v Line: 18
Warning (10034): Output port "HEX1" at Soundtop.v(19) has no driver File: /home/sysele2503/exp/EXE42/Soundtop.v Line: 19
Warning (10034): Output port "HEX2" at Soundtop.v(20) has no driver File: /home/sysele2503/exp/EXE42/Soundtop.v Line: 20
Warning (10034): Output port "HEX3" at Soundtop.v(21) has no driver File: /home/sysele2503/exp/EXE42/Soundtop.v Line: 21
Warning (10034): Output port "HEX4" at Soundtop.v(22) has no driver File: /home/sysele2503/exp/EXE42/Soundtop.v Line: 22
Warning (10034): Output port "HEX5" at Soundtop.v(23) has no driver File: /home/sysele2503/exp/EXE42/Soundtop.v Line: 23
Warning (10034): Output port "VGA_B" at Soundtop.v(27) has no driver File: /home/sysele2503/exp/EXE42/Soundtop.v Line: 27
Warning (10034): Output port "VGA_G" at Soundtop.v(29) has no driver File: /home/sysele2503/exp/EXE42/Soundtop.v Line: 29
Warning (10034): Output port "VGA_R" at Soundtop.v(31) has no driver File: /home/sysele2503/exp/EXE42/Soundtop.v Line: 31
Warning (10034): Output port "VGA_BLANK_N" at Soundtop.v(26) has no driver File: /home/sysele2503/exp/EXE42/Soundtop.v Line: 26
Warning (10034): Output port "VGA_CLK" at Soundtop.v(28) has no driver File: /home/sysele2503/exp/EXE42/Soundtop.v Line: 28
Warning (10034): Output port "VGA_HS" at Soundtop.v(30) has no driver File: /home/sysele2503/exp/EXE42/Soundtop.v Line: 30
Warning (10034): Output port "VGA_SYNC_N" at Soundtop.v(32) has no driver File: /home/sysele2503/exp/EXE42/Soundtop.v Line: 32
Warning (10034): Output port "VGA_VS" at Soundtop.v(33) has no driver File: /home/sysele2503/exp/EXE42/Soundtop.v Line: 33
Warning (10034): Output port "IRDA_TXD" at Soundtop.v(49) has no driver File: /home/sysele2503/exp/EXE42/Soundtop.v Line: 49
Info (12128): Elaborating entity "ToneTable" for hierarchy "ToneTable:u6" File: /home/sysele2503/exp/EXE42/Soundtop.v Line: 101
Info (12128): Elaborating entity "altsyncram" for hierarchy "ToneTable:u6|altsyncram:altsyncram_component" File: /home/sysele2503/exp/EXE42/ToneTable.v Line: 82
Info (12130): Elaborated megafunction instantiation "ToneTable:u6|altsyncram:altsyncram_component" File: /home/sysele2503/exp/EXE42/ToneTable.v Line: 82
Info (12133): Instantiated megafunction "ToneTable:u6|altsyncram:altsyncram_component" with the following parameter: File: /home/sysele2503/exp/EXE42/ToneTable.v Line: 82
    Info (12134): Parameter "address_aclr_a" = "NONE"
    Info (12134): Parameter "clock_enable_input_a" = "BYPASS"
    Info (12134): Parameter "clock_enable_output_a" = "BYPASS"
    Info (12134): Parameter "init_file" = "ToneDB.mif"
    Info (12134): Parameter "intended_device_family" = "Cyclone V"
    Info (12134): Parameter "lpm_hint" = "ENABLE_RUNTIME_MOD=NO"
    Info (12134): Parameter "lpm_type" = "altsyncram"
    Info (12134): Parameter "numwords_a" = "16384"
    Info (12134): Parameter "operation_mode" = "ROM"
    Info (12134): Parameter "outdata_aclr_a" = "NONE"
    Info (12134): Parameter "outdata_reg_a" = "CLOCK0"
    Info (12134): Parameter "widthad_a" = "14"
    Info (12134): Parameter "width_a" = "12"
    Info (12134): Parameter "width_byteena_a" = "1"
Info (12021): Found 1 design units, including 1 entities, in source file db/altsyncram_dkf1.tdf
    Info (12023): Found entity 1: altsyncram_dkf1 File: /home/sysele2503/exp/EXE42/db/altsyncram_dkf1.tdf Line: 32
Info (12128): Elaborating entity "altsyncram_dkf1" for hierarchy "ToneTable:u6|altsyncram:altsyncram_component|altsyncram_dkf1:auto_generated" File: /home/cad/Altera/Quartus-21.1/quartus/libraries/megafunctions/altsyncram.tdf Line: 792
Info (12021): Found 1 design units, including 1 entities, in source file db/decode_u0a.tdf
    Info (12023): Found entity 1: decode_u0a File: /home/sysele2503/exp/EXE42/db/decode_u0a.tdf Line: 23
Info (12128): Elaborating entity "decode_u0a" for hierarchy "ToneTable:u6|altsyncram:altsyncram_component|altsyncram_dkf1:auto_generated|decode_u0a:rden_decode" File: /home/sysele2503/exp/EXE42/db/altsyncram_dkf1.tdf Line: 41
Info (12021): Found 1 design units, including 1 entities, in source file db/mux_0hb.tdf
    Info (12023): Found entity 1: mux_0hb File: /home/sysele2503/exp/EXE42/db/mux_0hb.tdf Line: 23
Info (12128): Elaborating entity "mux_0hb" for hierarchy "ToneTable:u6|altsyncram:altsyncram_component|altsyncram_dkf1:auto_generated|mux_0hb:mux2" File: /home/sysele2503/exp/EXE42/db/altsyncram_dkf1.tdf Line: 42
Warning (12125): Using design file keytr.v, which is not specified as a design file for the current project, but contains definitions for 1 design units and 1 entities in project
    Info (12023): Found entity 1: keytr File: /home/sysele2503/exp/EXE42/keytr.v Line: 47
Info (12128): Elaborating entity "keytr" for hierarchy "keytr:u3" File: /home/sysele2503/exp/EXE42/Soundtop.v Line: 193
Warning (10230): Verilog HDL assignment warning at keytr.v(135): truncated value with size 32 to match size of target (16) File: /home/sysele2503/exp/EXE42/keytr.v Line: 135
Warning (10034): Output port "counter" at keytr.v(66) has no driver File: /home/sysele2503/exp/EXE42/keytr.v Line: 66
Warning (10034): Output port "ON" at keytr.v(64) has no driver File: /home/sysele2503/exp/EXE42/keytr.v Line: 64
Info (12128): Elaborating entity "CLOCK_500" for hierarchy "CLOCK_500:u1" File: /home/sysele2503/exp/EXE42/Soundtop.v Line: 207
Warning (10230): Verilog HDL assignment warning at clock_500.v(45): truncated value with size 32 to match size of target (1) File: /home/sysele2503/exp/EXE42/clock_500.v Line: 45
Warning (10230): Verilog HDL assignment warning at clock_500.v(70): truncated value with size 32 to match size of target (2) File: /home/sysele2503/exp/EXE42/clock_500.v Line: 70
Warning (10230): Verilog HDL assignment warning at clock_500.v(77): truncated value with size 32 to match size of target (11) File: /home/sysele2503/exp/EXE42/clock_500.v Line: 77
Warning (10230): Verilog HDL assignment warning at clock_500.v(83): truncated value with size 32 to match size of target (6) File: /home/sysele2503/exp/EXE42/clock_500.v Line: 83
Info (12128): Elaborating entity "i2c" for hierarchy "i2c:u2" File: /home/sysele2503/exp/EXE42/Soundtop.v Line: 221
Warning (10230): Verilog HDL assignment warning at i2c.v(86): truncated value with size 32 to match size of target (1) File: /home/sysele2503/exp/EXE42/i2c.v Line: 86
Warning (10230): Verilog HDL assignment warning at i2c.v(85): truncated value with size 32 to match size of target (1) File: /home/sysele2503/exp/EXE42/i2c.v Line: 85
Warning (10230): Verilog HDL assignment warning at i2c.v(110): truncated value with size 32 to match size of target (6) File: /home/sysele2503/exp/EXE42/i2c.v Line: 110
Warning (12241): 2 hierarchies have connectivity warnings - see the Connectivity Checks report folder
Warning (13039): The following bidirectional pins have no drivers
    Warning (13040): bidirectional pin "AUD_DACLRCK" has no driver File: /home/sysele2503/exp/EXE42/Soundtop.v Line: 39
    Warning (13040): bidirectional pin "AUD_ADCLRCK" has no driver File: /home/sysele2503/exp/EXE42/Soundtop.v Line: 36
    Warning (13040): bidirectional pin "AUD_BCLK" has no driver File: /home/sysele2503/exp/EXE42/Soundtop.v Line: 37
Warning (13024): Output pins are stuck at VCC or GND
    Warning (13410): Pin "HEX0[0]" is stuck at GND File: /home/sysele2503/exp/EXE42/Soundtop.v Line: 18
    Warning (13410): Pin "HEX0[1]" is stuck at GND File: /home/sysele2503/exp/EXE42/Soundtop.v Line: 18
    Warning (13410): Pin "HEX0[2]" is stuck at GND File: /home/sysele2503/exp/EXE42/Soundtop.v Line: 18
    Warning (13410): Pin "HEX0[3]" is stuck at GND File: /home/sysele2503/exp/EXE42/Soundtop.v Line: 18
    Warning (13410): Pin "HEX0[4]" is stuck at GND File: /home/sysele2503/exp/EXE42/Soundtop.v Line: 18
    Warning (13410): Pin "HEX0[5]" is stuck at GND File: /home/sysele2503/exp/EXE42/Soundtop.v Line: 18
    Warning (13410): Pin "HEX0[6]" is stuck at GND File: /home/sysele2503/exp/EXE42/Soundtop.v Line: 18
    Warning (13410): Pin "HEX1[0]" is stuck at GND File: /home/sysele2503/exp/EXE42/Soundtop.v Line: 19
    Warning (13410): Pin "HEX1[1]" is stuck at GND File: /home/sysele2503/exp/EXE42/Soundtop.v Line: 19
    Warning (13410): Pin "HEX1[2]" is stuck at GND File: /home/sysele2503/exp/EXE42/Soundtop.v Line: 19
    Warning (13410): Pin "HEX1[3]" is stuck at GND File: /home/sysele2503/exp/EXE42/Soundtop.v Line: 19
    Warning (13410): Pin "HEX1[4]" is stuck at GND File: /home/sysele2503/exp/EXE42/Soundtop.v Line: 19
    Warning (13410): Pin "HEX1[5]" is stuck at GND File: /home/sysele2503/exp/EXE42/Soundtop.v Line: 19
    Warning (13410): Pin "HEX1[6]" is stuck at GND File: /home/sysele2503/exp/EXE42/Soundtop.v Line: 19
    Warning (13410): Pin "HEX2[0]" is stuck at GND File: /home/sysele2503/exp/EXE42/Soundtop.v Line: 20
    Warning (13410): Pin "HEX2[1]" is stuck at GND File: /home/sysele2503/exp/EXE42/Soundtop.v Line: 20
    Warning (13410): Pin "HEX2[2]" is stuck at GND File: /home/sysele2503/exp/EXE42/Soundtop.v Line: 20
    Warning (13410): Pin "HEX2[3]" is stuck at GND File: /home/sysele2503/exp/EXE42/Soundtop.v Line: 20
    Warning (13410): Pin "HEX2[4]" is stuck at GND File: /home/sysele2503/exp/EXE42/Soundtop.v Line: 20
    Warning (13410): Pin "HEX2[5]" is stuck at GND File: /home/sysele2503/exp/EXE42/Soundtop.v Line: 20
    Warning (13410): Pin "HEX2[6]" is stuck at GND File: /home/sysele2503/exp/EXE42/Soundtop.v Line: 20
    Warning (13410): Pin "HEX3[0]" is stuck at GND File: /home/sysele2503/exp/EXE42/Soundtop.v Line: 21
    Warning (13410): Pin "HEX3[1]" is stuck at GND File: /home/sysele2503/exp/EXE42/Soundtop.v Line: 21
    Warning (13410): Pin "HEX3[2]" is stuck at GND File: /home/sysele2503/exp/EXE42/Soundtop.v Line: 21
    Warning (13410): Pin "HEX3[3]" is stuck at GND File: /home/sysele2503/exp/EXE42/Soundtop.v Line: 21
    Warning (13410): Pin "HEX3[4]" is stuck at GND File: /home/sysele2503/exp/EXE42/Soundtop.v Line: 21
    Warning (13410): Pin "HEX3[5]" is stuck at GND File: /home/sysele2503/exp/EXE42/Soundtop.v Line: 21
    Warning (13410): Pin "HEX3[6]" is stuck at GND File: /home/sysele2503/exp/EXE42/Soundtop.v Line: 21
    Warning (13410): Pin "HEX4[0]" is stuck at GND File: /home/sysele2503/exp/EXE42/Soundtop.v Line: 22
    Warning (13410): Pin "HEX4[1]" is stuck at GND File: /home/sysele2503/exp/EXE42/Soundtop.v Line: 22
    Warning (13410): Pin "HEX4[2]" is stuck at GND File: /home/sysele2503/exp/EXE42/Soundtop.v Line: 22
    Warning (13410): Pin "HEX4[3]" is stuck at GND File: /home/sysele2503/exp/EXE42/Soundtop.v Line: 22
    Warning (13410): Pin "HEX4[4]" is stuck at GND File: /home/sysele2503/exp/EXE42/Soundtop.v Line: 22
    Warning (13410): Pin "HEX4[5]" is stuck at GND File: /home/sysele2503/exp/EXE42/Soundtop.v Line: 22
    Warning (13410): Pin "HEX4[6]" is stuck at GND File: /home/sysele2503/exp/EXE42/Soundtop.v Line: 22
    Warning (13410): Pin "HEX5[0]" is stuck at GND File: /home/sysele2503/exp/EXE42/Soundtop.v Line: 23
    Warning (13410): Pin "HEX5[1]" is stuck at GND File: /home/sysele2503/exp/EXE42/Soundtop.v Line: 23
    Warning (13410): Pin "HEX5[2]" is stuck at GND File: /home/sysele2503/exp/EXE42/Soundtop.v Line: 23
    Warning (13410): Pin "HEX5[3]" is stuck at GND File: /home/sysele2503/exp/EXE42/Soundtop.v Line: 23
    Warning (13410): Pin "HEX5[4]" is stuck at GND File: /home/sysele2503/exp/EXE42/Soundtop.v Line: 23
    Warning (13410): Pin "HEX5[5]" is stuck at GND File: /home/sysele2503/exp/EXE42/Soundtop.v Line: 23
    Warning (13410): Pin "HEX5[6]" is stuck at GND File: /home/sysele2503/exp/EXE42/Soundtop.v Line: 23
    Warning (13410): Pin "VGA_BLANK_N" is stuck at GND File: /home/sysele2503/exp/EXE42/Soundtop.v Line: 26
    Warning (13410): Pin "VGA_B[0]" is stuck at GND File: /home/sysele2503/exp/EXE42/Soundtop.v Line: 27
    Warning (13410): Pin "VGA_B[1]" is stuck at GND File: /home/sysele2503/exp/EXE42/Soundtop.v Line: 27
    Warning (13410): Pin "VGA_B[2]" is stuck at GND File: /home/sysele2503/exp/EXE42/Soundtop.v Line: 27
    Warning (13410): Pin "VGA_B[3]" is stuck at GND File: /home/sysele2503/exp/EXE42/Soundtop.v Line: 27
    Warning (13410): Pin "VGA_B[4]" is stuck at GND File: /home/sysele2503/exp/EXE42/Soundtop.v Line: 27
    Warning (13410): Pin "VGA_B[5]" is stuck at GND File: /home/sysele2503/exp/EXE42/Soundtop.v Line: 27
    Warning (13410): Pin "VGA_B[6]" is stuck at GND File: /home/sysele2503/exp/EXE42/Soundtop.v Line: 27
    Warning (13410): Pin "VGA_B[7]" is stuck at GND File: /home/sysele2503/exp/EXE42/Soundtop.v Line: 27
    Warning (13410): Pin "VGA_CLK" is stuck at GND File: /home/sysele2503/exp/EXE42/Soundtop.v Line: 28
    Warning (13410): Pin "VGA_G[0]" is stuck at GND File: /home/sysele2503/exp/EXE42/Soundtop.v Line: 29
    Warning (13410): Pin "VGA_G[1]" is stuck at GND File: /home/sysele2503/exp/EXE42/Soundtop.v Line: 29
    Warning (13410): Pin "VGA_G[2]" is stuck at GND File: /home/sysele2503/exp/EXE42/Soundtop.v Line: 29
    Warning (13410): Pin "VGA_G[3]" is stuck at GND File: /home/sysele2503/exp/EXE42/Soundtop.v Line: 29
    Warning (13410): Pin "VGA_G[4]" is stuck at GND File: /home/sysele2503/exp/EXE42/Soundtop.v Line: 29
    Warning (13410): Pin "VGA_G[5]" is stuck at GND File: /home/sysele2503/exp/EXE42/Soundtop.v Line: 29
    Warning (13410): Pin "VGA_G[6]" is stuck at GND File: /home/sysele2503/exp/EXE42/Soundtop.v Line: 29
    Warning (13410): Pin "VGA_G[7]" is stuck at GND File: /home/sysele2503/exp/EXE42/Soundtop.v Line: 29
    Warning (13410): Pin "VGA_HS" is stuck at GND File: /home/sysele2503/exp/EXE42/Soundtop.v Line: 30
    Warning (13410): Pin "VGA_R[0]" is stuck at GND File: /home/sysele2503/exp/EXE42/Soundtop.v Line: 31
    Warning (13410): Pin "VGA_R[1]" is stuck at GND File: /home/sysele2503/exp/EXE42/Soundtop.v Line: 31
    Warning (13410): Pin "VGA_R[2]" is stuck at GND File: /home/sysele2503/exp/EXE42/Soundtop.v Line: 31
    Warning (13410): Pin "VGA_R[3]" is stuck at GND File: /home/sysele2503/exp/EXE42/Soundtop.v Line: 31
    Warning (13410): Pin "VGA_R[4]" is stuck at GND File: /home/sysele2503/exp/EXE42/Soundtop.v Line: 31
    Warning (13410): Pin "VGA_R[5]" is stuck at GND File: /home/sysele2503/exp/EXE42/Soundtop.v Line: 31
    Warning (13410): Pin "VGA_R[6]" is stuck at GND File: /home/sysele2503/exp/EXE42/Soundtop.v Line: 31
    Warning (13410): Pin "VGA_R[7]" is stuck at GND File: /home/sysele2503/exp/EXE42/Soundtop.v Line: 31
    Warning (13410): Pin "VGA_SYNC_N" is stuck at GND File: /home/sysele2503/exp/EXE42/Soundtop.v Line: 32
    Warning (13410): Pin "VGA_VS" is stuck at GND File: /home/sysele2503/exp/EXE42/Soundtop.v Line: 33
    Warning (13410): Pin "IRDA_TXD" is stuck at GND File: /home/sysele2503/exp/EXE42/Soundtop.v Line: 49
Info (286030): Timing-Driven Synthesis is running
Info (17049): 12 registers lost all their fanouts during netlist optimizations.
Info (16010): Generating hard_block partition "hard_block:auto_generated_inst"
    Info (16011): Adding 0 node(s), including 0 DDIO, 0 PLL, 0 transceiver and 0 LCELL
Warning (21074): Design contains 11 input pin(s) that do not drive logic
    Warning (15610): No output dependent on input pin "SW[1]" File: /home/sysele2503/exp/EXE42/Soundtop.v Line: 12
    Warning (15610): No output dependent on input pin "SW[2]" File: /home/sysele2503/exp/EXE42/Soundtop.v Line: 12
    Warning (15610): No output dependent on input pin "SW[3]" File: /home/sysele2503/exp/EXE42/Soundtop.v Line: 12
    Warning (15610): No output dependent on input pin "SW[4]" File: /home/sysele2503/exp/EXE42/Soundtop.v Line: 12
    Warning (15610): No output dependent on input pin "SW[5]" File: /home/sysele2503/exp/EXE42/Soundtop.v Line: 12
    Warning (15610): No output dependent on input pin "SW[6]" File: /home/sysele2503/exp/EXE42/Soundtop.v Line: 12
    Warning (15610): No output dependent on input pin "SW[7]" File: /home/sysele2503/exp/EXE42/Soundtop.v Line: 12
    Warning (15610): No output dependent on input pin "SW[8]" File: /home/sysele2503/exp/EXE42/Soundtop.v Line: 12
    Warning (15610): No output dependent on input pin "SW[9]" File: /home/sysele2503/exp/EXE42/Soundtop.v Line: 12
    Warning (15610): No output dependent on input pin "AUD_ADCDAT" File: /home/sysele2503/exp/EXE42/Soundtop.v Line: 35
    Warning (15610): No output dependent on input pin "IRDA_RXD" File: /home/sysele2503/exp/EXE42/Soundtop.v Line: 46
Info (21057): Implemented 438 device resources after synthesis - the final resource count might be different
    Info (21058): Implemented 17 input pins
    Info (21059): Implemented 85 output pins
    Info (21060): Implemented 4 bidirectional pins
    Info (21061): Implemented 308 logic cells
    Info (21064): Implemented 24 RAM segments
Info: Quartus Prime Analysis & Synthesis was successful. 0 errors, 127 warnings
    Info: Peak virtual memory: 636 megabytes
    Info: Processing ended: Tue Oct  7 15:11:49 2025
    Info: Elapsed time: 00:00:43
    Info: Total CPU time (on all processors): 00:00:18


